2024-04-17 16:21:33,287 - api.model_controller - INFO - 被调用API:  2024-04-17 16:21:33
2024-04-17 16:21:33,352 - src.base - INFO - 进行超短期 预测
2024-04-17 16:21:33,379 - src.model_pred - INFO - 进行了模型的预测测------- 
2024-04-17 16:21:33,424 - api.model_controller - INFO - {
    "result": {
        "pred": [
            {
                "t": 1642392900000,
                "pred": 0.0
            },
            {
                "t": 1642393800000,
                "pred": 0.0
            },
            {
                "t": 1642394700000,
                "pred": 0.0
            },
            {
                "t": 1642395600000,
                "pred": 0.0
            },
            {
                "t": 1642396500000,
                "pred": 0.0
            },
            {
                "t": 1642397400000,
                "pred": 0.0
            },
            {
                "t": 1642398300000,
                "pred": 0.0
            },
            {
                "t": 1642399200000,
                "pred": 8.7671581349
            },
            {
                "t": 1642400100000,
                "pred": 8.7671581349
            },
            {
                "t": 1642401000000,
                "pred": 8.7671581349
            },
            {
                "t": 1642401900000,
                "pred": 8.7671581349
            },
            {
                "t": 1642402800000,
                "pred": 8.7671581349
            },
            {
                "t": 1642403700000,
                "pred": 8.7671581349
            },
            {
                "t": 1642404600000,
                "pred": 8.7671581349
            },
            {
                "t": 1642405500000,
                "pred": 8.7671581349
            }
        ]
    },
    "status": 2,
    "message": "success"
}
2024-04-17 16:21:33,426 - werkzeug - INFO - 127.0.0.1 - - [17/Apr/2024 16:21:33] "[37mPOST /pvpowerpredict/pv_power HTTP/1.1[0m" 200 -
2024-04-17 16:39:42,681 - werkzeug - INFO -  * Running on http://127.0.0.1:5000/ (Press CTRL+C to quit)
2024-04-17 16:39:48,670 - api.model_controller - INFO - 被调用API:  2024-04-17 16:39:48
2024-04-17 16:39:48,736 - src.base - INFO - 进行超短期 预测
2024-04-17 16:39:48,811 - api.model_controller - INFO - {
    "result": {
        "pred": [
            {
                "t": 1642392900000,
                "pred": 0.0
            },
            {
                "t": 1642393800000,
                "pred": 0.0
            },
            {
                "t": 1642394700000,
                "pred": 0.0
            },
            {
                "t": 1642395600000,
                "pred": 0.0
            },
            {
                "t": 1642396500000,
                "pred": 0.0
            },
            {
                "t": 1642397400000,
                "pred": 0.0
            },
            {
                "t": 1642398300000,
                "pred": 0.0
            },
            {
                "t": 1642399200000,
                "pred": 8.7671581349
            },
            {
                "t": 1642400100000,
                "pred": 8.7671581349
            },
            {
                "t": 1642401000000,
                "pred": 8.7671581349
            },
            {
                "t": 1642401900000,
                "pred": 8.7671581349
            },
            {
                "t": 1642402800000,
                "pred": 8.7671581349
            },
            {
                "t": 1642403700000,
                "pred": 8.7671581349
            },
            {
                "t": 1642404600000,
                "pred": 8.7671581349
            },
            {
                "t": 1642405500000,
                "pred": 8.7671581349
            }
        ]
    },
    "status": 2,
    "message": "success"
}
2024-04-17 16:39:48,812 - werkzeug - INFO - 127.0.0.1 - - [17/Apr/2024 16:39:48] "[37mPOST /pvpowerpredict/pv_power HTTP/1.1[0m" 200 -
2024-04-17 16:40:19,106 - api.model_controller - INFO - 被调用API:  2024-04-17 16:40:19
2024-04-17 16:40:19,135 - src.base - INFO - 进行超短期 预测
2024-04-17 16:40:19,159 - werkzeug - INFO - 127.0.0.1 - - [17/Apr/2024 16:40:19] "[37mPOST /pvpowerpredict/pv_power HTTP/1.1[0m" 200 -
2024-04-17 16:40:35,190 - api.model_controller - INFO - 被调用API:  2024-04-17 16:40:35
2024-04-17 16:40:35,217 - src.base - INFO - 进行超短期 预测
2024-04-17 16:40:35,218 - werkzeug - INFO - 127.0.0.1 - - [17/Apr/2024 16:40:35] "[37mPOST /pvpowerpredict/pv_power HTTP/1.1[0m" 200 -
2024-04-17 16:40:52,292 - api.model_controller - INFO - 被调用API:  2024-04-17 16:40:52
2024-04-17 16:40:52,327 - src.base - INFO - 进行超短期 预测
2024-04-17 16:40:52,386 - api.model_controller - INFO - {
    "result": {
        "pred": [
            {
                "t": 1642392900000,
                "pred": 0.0
            },
            {
                "t": 1642393800000,
                "pred": 0.0
            },
            {
                "t": 1642394700000,
                "pred": 0.0
            },
            {
                "t": 1642395600000,
                "pred": 0.0
            },
            {
                "t": 1642396500000,
                "pred": 0.0
            },
            {
                "t": 1642397400000,
                "pred": 0.0
            },
            {
                "t": 1642398300000,
                "pred": 0.0
            },
            {
                "t": 1642399200000,
                "pred": 8.7671581349
            },
            {
                "t": 1642400100000,
                "pred": 8.7671581349
            },
            {
                "t": 1642401000000,
                "pred": 8.7671581349
            },
            {
                "t": 1642401900000,
                "pred": 8.7671581349
            },
            {
                "t": 1642402800000,
                "pred": 8.7671581349
            },
            {
                "t": 1642403700000,
                "pred": 8.7671581349
            },
            {
                "t": 1642404600000,
                "pred": 8.7671581349
            },
            {
                "t": 1642405500000,
                "pred": 8.7671581349
            }
        ]
    },
    "status": 2,
    "message": "success"
}
2024-04-17 16:40:52,387 - werkzeug - INFO - 127.0.0.1 - - [17/Apr/2024 16:40:52] "[37mPOST /pvpowerpredict/pv_power HTTP/1.1[0m" 200 -
2024-04-18 09:03:24,353 - werkzeug - INFO -  * Running on http://127.0.0.1:5000/ (Press CTRL+C to quit)
2024-04-18 09:03:43,337 - api.model_controller - INFO - 被调用API:  2024-04-18 09:03:43
2024-04-18 09:03:43,402 - src.base - INFO - 进行超短期 预测
2024-04-18 09:03:43,470 - api.model_controller - INFO - {
    "result": {
        "pred": [
            {
                "t": 1642392900000,
                "pred": 0.0
            },
            {
                "t": 1642393800000,
                "pred": 0.0
            },
            {
                "t": 1642394700000,
                "pred": 0.0
            },
            {
                "t": 1642395600000,
                "pred": 0.0
            },
            {
                "t": 1642396500000,
                "pred": 0.0
            },
            {
                "t": 1642397400000,
                "pred": 0.0
            },
            {
                "t": 1642398300000,
                "pred": 0.0
            },
            {
                "t": 1642399200000,
                "pred": 8.7671581349
            },
            {
                "t": 1642400100000,
                "pred": 8.7671581349
            },
            {
                "t": 1642401000000,
                "pred": 8.7671581349
            },
            {
                "t": 1642401900000,
                "pred": 8.7671581349
            },
            {
                "t": 1642402800000,
                "pred": 8.7671581349
            },
            {
                "t": 1642403700000,
                "pred": 8.7671581349
            },
            {
                "t": 1642404600000,
                "pred": 8.7671581349
            },
            {
                "t": 1642405500000,
                "pred": 8.7671581349
            }
        ]
    },
    "status": 2,
    "message": "success"
}
2024-04-18 09:03:43,471 - werkzeug - INFO - 127.0.0.1 - - [18/Apr/2024 09:03:43] "[37mPOST /pvpowerpredict/pv_power HTTP/1.1[0m" 200 -
2024-04-18 10:44:38,054 - werkzeug - INFO -  * Running on http://127.0.0.1:5000/ (Press CTRL+C to quit)
2024-04-18 10:44:51,754 - api.model_controller - INFO - 被调用API:  2024-04-18 10:44:51
2024-04-18 10:44:51,866 - src.base - INFO - 进行超短期 预测
2024-04-18 10:44:51,956 - api.model_controller - INFO - {
    "result": {
        "pred": [
            {
                "t": 1642392900000,
                "pred": 0.0
            },
            {
                "t": 1642393800000,
                "pred": 0.0
            },
            {
                "t": 1642394700000,
                "pred": 0.0
            },
            {
                "t": 1642395600000,
                "pred": 0.0
            },
            {
                "t": 1642396500000,
                "pred": 0.0
            },
            {
                "t": 1642397400000,
                "pred": 0.0
            },
            {
                "t": 1642398300000,
                "pred": 0.0
            },
            {
                "t": 1642399200000,
                "pred": 8.7671581349
            },
            {
                "t": 1642400100000,
                "pred": 8.7671581349
            },
            {
                "t": 1642401000000,
                "pred": 8.7671581349
            },
            {
                "t": 1642401900000,
                "pred": 8.7671581349
            },
            {
                "t": 1642402800000,
                "pred": 8.7671581349
            },
            {
                "t": 1642403700000,
                "pred": 8.7671581349
            },
            {
                "t": 1642404600000,
                "pred": 8.7671581349
            },
            {
                "t": 1642405500000,
                "pred": 8.7671581349
            }
        ]
    },
    "status": 2,
    "message": "success"
}
2024-04-18 10:44:51,958 - werkzeug - INFO - 127.0.0.1 - - [18/Apr/2024 10:44:51] "[37mPOST /pvpowerpredict/pv_power HTTP/1.1[0m" 200 -
